<?xml version="1.0" encoding="UTF-8"?>
<robot generator="Robot 5.0.1 (Python 3.10.5 on darwin)" generated="20220726 07:47:32.163" rpa="false" schemaversion="3">
<suite id="s1" name="Testcase" source="/Users/wilsontan/QA/robotframework/practice/testcase.robot">
<test id="s1-t1" name="Sign in with unregistered email" line="10">
<kw name="Start testcase" library="home">
<kw name="Open Browser" library="SeleniumLibrary">
<arg>${url}</arg>
<arg>Chrome</arg>
<doc>Opens a new browser instance to the optional ``url``.</doc>
<msg timestamp="20220726 07:47:32.604" level="INFO">Opening browser 'Chrome' to base url 'http://react-redux.realworld.io/'.</msg>
<status status="PASS" starttime="20220726 07:47:32.602" endtime="20220726 07:47:35.211"/>
</kw>
<kw name="Maximize Browser Window" library="SeleniumLibrary">
<doc>Maximizes current browser window.</doc>
<status status="PASS" starttime="20220726 07:47:35.212" endtime="20220726 07:47:35.337"/>
</kw>
<status status="PASS" starttime="20220726 07:47:32.600" endtime="20220726 07:47:35.338"/>
</kw>
<kw name="Click sign in Menu" library="home">
<kw name="Click Element" library="SeleniumLibrary">
<arg>${signinMenu}</arg>
<doc>Click the element identified by ``locator``.</doc>
<msg timestamp="20220726 07:47:35.343" level="INFO">Clicking element 'xpath://*[text()="Sign in"]'.</msg>
<status status="PASS" starttime="20220726 07:47:35.341" endtime="20220726 07:47:35.399"/>
</kw>
<status status="PASS" starttime="20220726 07:47:35.339" endtime="20220726 07:47:35.400"/>
</kw>
<kw name="Location Should Contain" library="SeleniumLibrary">
<arg>login</arg>
<doc>Verifies that the current URL contains ``expected``.</doc>
<msg timestamp="20220726 07:47:35.407" level="INFO">Current location contains 'login'.</msg>
<status status="PASS" starttime="20220726 07:47:35.400" endtime="20220726 07:47:35.407"/>
</kw>
<kw name="Type unregis email" library="login">
<kw name="Input Text" library="SeleniumLibrary">
<arg>${emailTextbox}</arg>
<arg>hahaha@gmail.com</arg>
<doc>Types the given ``text`` into the text field identified by ``locator``.</doc>
<msg timestamp="20220726 07:47:35.411" level="INFO">Typing text 'hahaha@gmail.com' into text field 'xpath://*[@type="email"]'.</msg>
<status status="PASS" starttime="20220726 07:47:35.409" endtime="20220726 07:47:35.544"/>
</kw>
<status status="PASS" starttime="20220726 07:47:35.408" endtime="20220726 07:47:35.545"/>
</kw>
<kw name="Type password" library="login">
<kw name="Input Password" library="SeleniumLibrary">
<arg>${passTextbox}</arg>
<arg>${pass}</arg>
<doc>Types the given password into the text field identified by ``locator``.</doc>
<msg timestamp="20220726 07:47:35.548" level="INFO">Typing password into text field 'xpath://*[@type="password"]'.</msg>
<msg timestamp="20220726 07:47:35.578" level="INFO">Temporally setting log level to: NONE</msg>
<msg timestamp="20220726 07:47:35.618" level="INFO">Log level changed from NONE to INFO.</msg>
<status status="PASS" starttime="20220726 07:47:35.547" endtime="20220726 07:47:35.619"/>
</kw>
<status status="PASS" starttime="20220726 07:47:35.545" endtime="20220726 07:47:35.619"/>
</kw>
<kw name="Click submit Button" library="login">
<kw name="Click Button" library="SeleniumLibrary">
<arg>${submitBtn}</arg>
<doc>Clicks the button identified by ``locator``.</doc>
<msg timestamp="20220726 07:47:35.622" level="INFO">Clicking button 'xpath://*[@type="submit"]'.</msg>
<status status="PASS" starttime="20220726 07:47:35.621" endtime="20220726 07:47:35.690"/>
</kw>
<status status="PASS" starttime="20220726 07:47:35.620" endtime="20220726 07:47:35.691"/>
</kw>
<kw name="Error message should be present" library="login">
<kw name="Wait Until Element Is Visible" library="SeleniumLibrary">
<arg>${errorMsg}</arg>
<doc>Waits until the element ``locator`` is visible.</doc>
<status status="PASS" starttime="20220726 07:47:35.693" endtime="20220726 07:47:36.968"/>
</kw>
<kw name="Page Should Contain" library="SeleniumLibrary">
<arg>invalid</arg>
<doc>Verifies that current page contains ``text``.</doc>
<msg timestamp="20220726 07:47:36.980" level="INFO">Current page contains text 'invalid'.</msg>
<status status="PASS" starttime="20220726 07:47:36.969" endtime="20220726 07:47:36.981"/>
</kw>
<status status="PASS" starttime="20220726 07:47:35.692" endtime="20220726 07:47:36.982"/>
</kw>
<status status="PASS" starttime="20220726 07:47:32.596" endtime="20220726 07:47:36.983"/>
</test>
<test id="s1-t2" name="Sign in with registered email" line="18">
<kw name="Reload Page" library="SeleniumLibrary">
<doc>Simulates user reloading page.</doc>
<status status="PASS" starttime="20220726 07:47:36.988" endtime="20220726 07:47:37.299"/>
</kw>
<kw name="Type email" library="login">
<kw name="Input Text" library="SeleniumLibrary">
<arg>${emailTextbox}</arg>
<arg>${email}</arg>
<doc>Types the given ``text`` into the text field identified by ``locator``.</doc>
<msg timestamp="20220726 07:47:37.303" level="INFO">Typing text 'wilwilson@yopmail.com' into text field 'xpath://*[@type="email"]'.</msg>
<status status="PASS" starttime="20220726 07:47:37.301" endtime="20220726 07:47:37.395"/>
</kw>
<status status="PASS" starttime="20220726 07:47:37.300" endtime="20220726 07:47:37.396"/>
</kw>
<kw name="Type password" library="login">
<kw name="Input Password" library="SeleniumLibrary">
<arg>${passTextbox}</arg>
<arg>${pass}</arg>
<doc>Types the given password into the text field identified by ``locator``.</doc>
<msg timestamp="20220726 07:47:37.399" level="INFO">Typing password into text field 'xpath://*[@type="password"]'.</msg>
<msg timestamp="20220726 07:47:37.425" level="INFO">Temporally setting log level to: NONE</msg>
<msg timestamp="20220726 07:47:37.465" level="INFO">Log level changed from NONE to INFO.</msg>
<status status="PASS" starttime="20220726 07:47:37.398" endtime="20220726 07:47:37.465"/>
</kw>
<status status="PASS" starttime="20220726 07:47:37.397" endtime="20220726 07:47:37.466"/>
</kw>
<kw name="Click submit Button" library="login">
<kw name="Click Button" library="SeleniumLibrary">
<arg>${submitBtn}</arg>
<doc>Clicks the button identified by ``locator``.</doc>
<msg timestamp="20220726 07:47:37.469" level="INFO">Clicking button 'xpath://*[@type="submit"]'.</msg>
<status status="PASS" starttime="20220726 07:47:37.468" endtime="20220726 07:47:37.511"/>
</kw>
<status status="PASS" starttime="20220726 07:47:37.467" endtime="20220726 07:47:37.512"/>
</kw>
<kw name="Your feed tab should be present" library="login">
<kw name="Set Browser Implicit Wait" library="SeleniumLibrary">
<arg>2000</arg>
<doc>Sets the implicit wait value used by Selenium.</doc>
<status status="PASS" starttime="20220726 07:47:37.514" endtime="20220726 07:47:37.516"/>
</kw>
<kw name="Page Should Contain" library="SeleniumLibrary">
<arg>Your Feed</arg>
<doc>Verifies that current page contains ``text``.</doc>
<msg timestamp="20220726 07:47:38.163" level="INFO">Current page contains text 'Your Feed'.</msg>
<status status="PASS" starttime="20220726 07:47:37.517" endtime="20220726 07:47:38.163"/>
</kw>
<status status="PASS" starttime="20220726 07:47:37.512" endtime="20220726 07:47:38.164"/>
</kw>
<status status="PASS" starttime="20220726 07:47:36.985" endtime="20220726 07:47:38.165"/>
</test>
<test id="s1-t3" name="Create new post" line="24">
<kw name="Click new post menu" library="home">
<kw name="Click Element" library="SeleniumLibrary">
<arg>${newpostMenu}</arg>
<doc>Click the element identified by ``locator``.</doc>
<msg timestamp="20220726 07:47:38.173" level="INFO">Clicking element 'xpath://*[@href="#editor"]'.</msg>
<status status="PASS" starttime="20220726 07:47:38.171" endtime="20220726 07:47:38.215"/>
</kw>
<status status="PASS" starttime="20220726 07:47:38.170" endtime="20220726 07:47:38.216"/>
</kw>
<kw name="Location Should Contain" library="SeleniumLibrary">
<arg>editor</arg>
<doc>Verifies that the current URL contains ``expected``.</doc>
<msg timestamp="20220726 07:47:38.262" level="INFO">Current location contains 'editor'.</msg>
<status status="PASS" starttime="20220726 07:47:38.217" endtime="20220726 07:47:38.262"/>
</kw>
<kw name="Type article title" library="editor">
<kw name="Input Text" library="SeleniumLibrary">
<arg>${articleTextbox}</arg>
<arg>${teks}</arg>
<doc>Types the given ``text`` into the text field identified by ``locator``.</doc>
<msg timestamp="20220726 07:47:38.266" level="INFO">Typing text 'test' into text field 'xpath://*[@placeholder="Article Title"]'.</msg>
<status status="PASS" starttime="20220726 07:47:38.264" endtime="20220726 07:47:38.377"/>
</kw>
<status status="PASS" starttime="20220726 07:47:38.263" endtime="20220726 07:47:38.378"/>
</kw>
<kw name="Type about" library="editor">
<kw name="Input Text" library="SeleniumLibrary">
<arg>${aboutTextbox}</arg>
<arg>${teks}</arg>
<doc>Types the given ``text`` into the text field identified by ``locator``.</doc>
<msg timestamp="20220726 07:47:38.381" level="INFO">Typing text 'test' into text field 'xpath://*[@placeholder="What's this article about?"]'.</msg>
<status status="PASS" starttime="20220726 07:47:38.380" endtime="20220726 07:47:38.441"/>
</kw>
<status status="PASS" starttime="20220726 07:47:38.379" endtime="20220726 07:47:38.442"/>
</kw>
<kw name="Type markdown" library="editor">
<kw name="Input Text" library="SeleniumLibrary">
<arg>${markdownTextbox}</arg>
<arg>${teks}</arg>
<doc>Types the given ``text`` into the text field identified by ``locator``.</doc>
<msg timestamp="20220726 07:47:38.445" level="INFO">Typing text 'test' into text field 'xpath://*[@placeholder="Write your article (in markdown)"]'.</msg>
<status status="PASS" starttime="20220726 07:47:38.444" endtime="20220726 07:47:38.521"/>
</kw>
<status status="PASS" starttime="20220726 07:47:38.443" endtime="20220726 07:47:38.522"/>
</kw>
<kw name="Type tags" library="editor">
<kw name="Input Text" library="SeleniumLibrary">
<arg>${tagsTextbox}</arg>
<arg>${teks}</arg>
<doc>Types the given ``text`` into the text field identified by ``locator``.</doc>
<msg timestamp="20220726 07:47:38.525" level="INFO">Typing text 'test' into text field 'xpath://*[@placeholder="Enter tags"]'.</msg>
<status status="PASS" starttime="20220726 07:47:38.524" endtime="20220726 07:47:38.600"/>
</kw>
<status status="PASS" starttime="20220726 07:47:38.523" endtime="20220726 07:47:38.600"/>
</kw>
<kw name="Click publish button" library="editor">
<kw name="Click Button" library="SeleniumLibrary">
<arg>${publishBtn}</arg>
<doc>Clicks the button identified by ``locator``.</doc>
<msg timestamp="20220726 07:47:38.603" level="INFO">Clicking button 'xpath://*[@type="button"]'.</msg>
<status status="PASS" starttime="20220726 07:47:38.602" endtime="20220726 07:47:38.669"/>
</kw>
<status status="PASS" starttime="20220726 07:47:38.601" endtime="20220726 07:47:38.670"/>
</kw>
<kw name="Set Browser Implicit Wait" library="SeleniumLibrary">
<arg>2000</arg>
<doc>Sets the implicit wait value used by Selenium.</doc>
<status status="PASS" starttime="20220726 07:47:38.671" endtime="20220726 07:47:38.673"/>
</kw>
<kw name="Verify the article is created" library="editor">
<kw name="Page Should Contain Element" library="SeleniumLibrary">
<arg>${titleArticle}</arg>
<doc>Verifies that element ``locator`` is found on the current page.</doc>
<msg timestamp="20220726 07:47:40.928" level="INFO">Current page contains element 'xpath://*[@class="container"]/h1'.</msg>
<status status="PASS" starttime="20220726 07:47:38.675" endtime="20220726 07:47:40.929"/>
</kw>
<kw name="Element Should Contain" library="SeleniumLibrary">
<arg>${titleArticle}</arg>
<arg>${teks}</arg>
<doc>Verifies that element ``locator`` contains text ``expected``.</doc>
<msg timestamp="20220726 07:47:40.949" level="INFO">Element 'xpath://*[@class="container"]/h1' contains text 'test'.</msg>
<status status="PASS" starttime="20220726 07:47:40.930" endtime="20220726 07:47:40.950"/>
</kw>
<status status="PASS" starttime="20220726 07:47:38.674" endtime="20220726 07:47:40.950"/>
</kw>
<status status="PASS" starttime="20220726 07:47:38.167" endtime="20220726 07:47:40.951"/>
</test>
<test id="s1-t4" name="Mark unmark as favorite" line="34">
<kw name="Click profile menu" library="home">
<kw name="Click Element" library="SeleniumLibrary">
<arg>${profileMenu}</arg>
<doc>Click the element identified by ``locator``.</doc>
<msg timestamp="20220726 07:47:40.958" level="INFO">Clicking element 'xpath://ul[@class="nav navbar-nav pull-xs-right"]//a[@href="#@wilson"]'.</msg>
<status status="PASS" starttime="20220726 07:47:40.957" endtime="20220726 07:47:40.997"/>
</kw>
<status status="PASS" starttime="20220726 07:47:40.956" endtime="20220726 07:47:40.998"/>
</kw>
<kw name="Verify location on article tab" library="profile">
<kw name="Element Attribute Value Should Be" library="SeleniumLibrary">
<arg>${activeTab}</arg>
<arg>text</arg>
<arg>My Articles</arg>
<doc>Verifies element identified by ``locator`` contains expected attribute value.</doc>
<msg timestamp="20220726 07:47:42.333" level="INFO">Element 'xpath://a[@class="nav-link active"]' attribute 'text' contains value 'My Articles'.</msg>
<status status="PASS" starttime="20220726 07:47:41.000" endtime="20220726 07:47:42.334"/>
</kw>
<status status="PASS" starttime="20220726 07:47:40.999" endtime="20220726 07:47:42.335"/>
</kw>
<kw name="Verify the article is present" library="profile">
<kw name="Element Should Contain" library="SeleniumLibrary">
<arg>${previewArticle}</arg>
<arg>${teks}</arg>
<doc>Verifies that element ``locator`` contains text ``expected``.</doc>
<msg timestamp="20220726 07:47:42.358" level="INFO">Element 'xpath://*[@class="preview-link"]/h1' contains text 'test'.</msg>
<status status="PASS" starttime="20220726 07:47:42.337" endtime="20220726 07:47:42.358"/>
</kw>
<status status="PASS" starttime="20220726 07:47:42.336" endtime="20220726 07:47:42.359"/>
</kw>
<kw name="Click like button" library="profile">
<kw name="Click Button" library="SeleniumLibrary">
<arg>${likeBtn}</arg>
<doc>Clicks the button identified by ``locator``.</doc>
<msg timestamp="20220726 07:47:42.362" level="INFO">Clicking button 'xpath://button[@class="btn btn-sm btn-outline-primary"]'.</msg>
<status status="PASS" starttime="20220726 07:47:42.361" endtime="20220726 07:47:42.406"/>
</kw>
<status status="PASS" starttime="20220726 07:47:42.360" endtime="20220726 07:47:42.406"/>
</kw>
<kw name="Set Browser Implicit Wait" library="SeleniumLibrary">
<arg>2000</arg>
<doc>Sets the implicit wait value used by Selenium.</doc>
<status status="PASS" starttime="20220726 07:47:42.407" endtime="20220726 07:47:42.409"/>
</kw>
<kw name="Click favorite tab" library="profile">
<kw name="Click Element" library="SeleniumLibrary">
<arg>${favoritedTab}</arg>
<doc>Click the element identified by ``locator``.</doc>
<msg timestamp="20220726 07:47:42.412" level="INFO">Clicking element 'xpath://a[text()="Favorited Articles"]'.</msg>
<status status="PASS" starttime="20220726 07:47:42.411" endtime="20220726 07:47:42.450"/>
</kw>
<status status="PASS" starttime="20220726 07:47:42.410" endtime="20220726 07:47:42.450"/>
</kw>
<kw name="Verify location on favorite tab" library="profile">
<kw name="Element Attribute Value Should Be" library="SeleniumLibrary">
<arg>${activeTab}</arg>
<arg>text</arg>
<arg>Favorited Articles</arg>
<doc>Verifies element identified by ``locator`` contains expected attribute value.</doc>
<msg timestamp="20220726 07:47:43.726" level="INFO">Element 'xpath://a[@class="nav-link active"]' attribute 'text' contains value 'Favorited Articles'.</msg>
<status status="PASS" starttime="20220726 07:47:42.453" endtime="20220726 07:47:43.726"/>
</kw>
<status status="PASS" starttime="20220726 07:47:42.451" endtime="20220726 07:47:43.727"/>
</kw>
<kw name="Verify the article is present" library="profile">
<kw name="Element Should Contain" library="SeleniumLibrary">
<arg>${previewArticle}</arg>
<arg>${teks}</arg>
<doc>Verifies that element ``locator`` contains text ``expected``.</doc>
<msg timestamp="20220726 07:48:09.022" level="INFO">Element 'xpath://*[@class="preview-link"]/h1' contains text 'test'.</msg>
<status status="PASS" starttime="20220726 07:47:43.729" endtime="20220726 07:48:09.022"/>
</kw>
<status status="PASS" starttime="20220726 07:47:43.728" endtime="20220726 07:48:09.023"/>
</kw>
<kw name="Click unlike button" library="profile">
<kw name="Click Button" library="SeleniumLibrary">
<arg>${unlikeBtn}</arg>
<doc>Clicks the button identified by ``locator``.</doc>
<msg timestamp="20220726 07:48:09.026" level="INFO">Clicking button 'xpath://button[@class="btn btn-sm btn-primary"]'.</msg>
<status status="PASS" starttime="20220726 07:48:09.025" endtime="20220726 07:48:09.069"/>
</kw>
<status status="PASS" starttime="20220726 07:48:09.024" endtime="20220726 07:48:09.069"/>
</kw>
<kw name="Click my article tab" library="profile">
<kw name="Click Element" library="SeleniumLibrary">
<arg>${myarticleTab}</arg>
<doc>Click the element identified by ``locator``.</doc>
<msg timestamp="20220726 07:48:09.073" level="INFO">Clicking element 'xpath://a[text()="My Articles"]'.</msg>
<status status="PASS" starttime="20220726 07:48:09.072" endtime="20220726 07:48:09.126"/>
</kw>
<status status="PASS" starttime="20220726 07:48:09.070" endtime="20220726 07:48:09.126"/>
</kw>
<kw name="Click favorite tab" library="profile">
<kw name="Click Element" library="SeleniumLibrary">
<arg>${favoritedTab}</arg>
<doc>Click the element identified by ``locator``.</doc>
<msg timestamp="20220726 07:48:09.129" level="INFO">Clicking element 'xpath://a[text()="Favorited Articles"]'.</msg>
<status status="PASS" starttime="20220726 07:48:09.128" endtime="20220726 07:48:09.166"/>
</kw>
<status status="PASS" starttime="20220726 07:48:09.127" endtime="20220726 07:48:09.167"/>
</kw>
<kw name="Verify there is no article yet" library="profile">
<kw name="Page Should Contain" library="SeleniumLibrary">
<arg>No articles are here... yet.</arg>
<doc>Verifies that current page contains ``text``.</doc>
<msg timestamp="20220726 07:48:10.296" level="INFO">Current page contains text 'No articles are here... yet.'.</msg>
<status status="PASS" starttime="20220726 07:48:09.169" endtime="20220726 07:48:10.297"/>
</kw>
<status status="PASS" starttime="20220726 07:48:09.168" endtime="20220726 07:48:10.297"/>
</kw>
<status status="PASS" starttime="20220726 07:47:40.953" endtime="20220726 07:48:10.298"/>
</test>
<test id="s1-t5" name="Edit a post" line="47">
<kw name="Click my article tab" library="profile">
<kw name="Click Element" library="SeleniumLibrary">
<arg>${myarticleTab}</arg>
<doc>Click the element identified by ``locator``.</doc>
<msg timestamp="20220726 07:48:10.304" level="INFO">Clicking element 'xpath://a[text()="My Articles"]'.</msg>
<status status="PASS" starttime="20220726 07:48:10.303" endtime="20220726 07:48:10.335"/>
</kw>
<status status="PASS" starttime="20220726 07:48:10.302" endtime="20220726 07:48:10.336"/>
</kw>
<kw name="Click preview article" library="profile">
<kw name="Click Element" library="SeleniumLibrary">
<arg>${previewArticle}</arg>
<doc>Click the element identified by ``locator``.</doc>
<msg timestamp="20220726 07:48:10.339" level="INFO">Clicking element 'xpath://*[@class="preview-link"]/h1'.</msg>
<status status="PASS" starttime="20220726 07:48:10.338" endtime="20220726 07:48:11.246"/>
</kw>
<status status="PASS" starttime="20220726 07:48:10.337" endtime="20220726 07:48:11.247"/>
</kw>
<kw name="Click edit button" library="editor">
<kw name="Click Element" library="SeleniumLibrary">
<arg>${editBtn}</arg>
<doc>Click the element identified by ``locator``.</doc>
<msg timestamp="20220726 07:48:11.249" level="INFO">Clicking element 'xpath://*[text()=" Edit Article"]'.</msg>
<status status="PASS" starttime="20220726 07:48:11.249" endtime="20220726 07:48:12.441"/>
</kw>
<status status="PASS" starttime="20220726 07:48:11.247" endtime="20220726 07:48:12.442"/>
</kw>
<kw name="Verify location is on editor" library="editor">
<kw name="Location Should Contain" library="SeleniumLibrary">
<arg>${teks}</arg>
<doc>Verifies that the current URL contains ``expected``.</doc>
<msg timestamp="20220726 07:48:12.448" level="INFO">Current location contains 'test'.</msg>
<status status="PASS" starttime="20220726 07:48:12.444" endtime="20220726 07:48:12.449"/>
</kw>
<status status="PASS" starttime="20220726 07:48:12.442" endtime="20220726 07:48:12.450"/>
</kw>
<kw name="Set Browser Implicit Wait" library="SeleniumLibrary">
<arg>3000</arg>
<doc>Sets the implicit wait value used by Selenium.</doc>
<status status="PASS" starttime="20220726 07:48:12.450" endtime="20220726 07:48:12.453"/>
</kw>
<kw name="Type new article" library="editor">
<kw name="Clear Element Text" library="SeleniumLibrary">
<arg>${articleTextbox}</arg>
<doc>Clears the value of the text-input-element identified by ``locator``.</doc>
<status status="PASS" starttime="20220726 07:48:12.455" endtime="20220726 07:48:12.485"/>
</kw>
<kw name="Set Browser Implicit Wait" library="SeleniumLibrary">
<arg>2000</arg>
<doc>Sets the implicit wait value used by Selenium.</doc>
<status status="PASS" starttime="20220726 07:48:12.486" endtime="20220726 07:48:12.488"/>
</kw>
<kw name="Input Text" library="SeleniumLibrary">
<arg>${articleTextbox}</arg>
<arg>${teks2}</arg>
<doc>Types the given ``text`` into the text field identified by ``locator``.</doc>
<msg timestamp="20220726 07:48:12.490" level="INFO">Typing text 'lalala' into text field 'xpath://*[@placeholder="Article Title"]'.</msg>
<status status="PASS" starttime="20220726 07:48:12.489" endtime="20220726 07:48:12.561"/>
</kw>
<kw name="Input Text" library="SeleniumLibrary">
<arg>${aboutTextbox}</arg>
<arg>${teks2}</arg>
<doc>Types the given ``text`` into the text field identified by ``locator``.</doc>
<msg timestamp="20220726 07:48:12.563" level="INFO">Typing text 'lalala' into text field 'xpath://*[@placeholder="What's this article about?"]'.</msg>
<status status="PASS" starttime="20220726 07:48:12.562" endtime="20220726 07:48:12.622"/>
</kw>
<kw name="Input Text" library="SeleniumLibrary">
<arg>${markdownTextbox}</arg>
<arg>${teks2}</arg>
<doc>Types the given ``text`` into the text field identified by ``locator``.</doc>
<msg timestamp="20220726 07:48:12.623" level="INFO">Typing text 'lalala' into text field 'xpath://*[@placeholder="Write your article (in markdown)"]'.</msg>
<status status="PASS" starttime="20220726 07:48:12.622" endtime="20220726 07:48:12.695"/>
</kw>
<kw name="Input Text" library="SeleniumLibrary">
<arg>${tagsTextbox}</arg>
<arg>${teks2}</arg>
<doc>Types the given ``text`` into the text field identified by ``locator``.</doc>
<msg timestamp="20220726 07:48:12.697" level="INFO">Typing text 'lalala' into text field 'xpath://*[@placeholder="Enter tags"]'.</msg>
<status status="PASS" starttime="20220726 07:48:12.696" endtime="20220726 07:48:12.771"/>
</kw>
<status status="PASS" starttime="20220726 07:48:12.454" endtime="20220726 07:48:12.772"/>
</kw>
<kw name="Click publish button" library="editor">
<kw name="Click Button" library="SeleniumLibrary">
<arg>${publishBtn}</arg>
<doc>Clicks the button identified by ``locator``.</doc>
<msg timestamp="20220726 07:48:12.775" level="INFO">Clicking button 'xpath://*[@type="button"]'.</msg>
<status status="PASS" starttime="20220726 07:48:12.774" endtime="20220726 07:48:12.818"/>
</kw>
<status status="PASS" starttime="20220726 07:48:12.773" endtime="20220726 07:48:12.818"/>
</kw>
<kw name="Verify the article has been edited" library="editor">
<kw name="Page Should Contain Element" library="SeleniumLibrary">
<arg>${titleArticle}</arg>
<doc>Verifies that element ``locator`` is found on the current page.</doc>
<msg timestamp="20220726 07:48:15.168" level="INFO">Current page contains element 'xpath://*[@class="container"]/h1'.</msg>
<status status="PASS" starttime="20220726 07:48:12.820" endtime="20220726 07:48:15.168"/>
</kw>
<kw name="Element Should Contain" library="SeleniumLibrary">
<arg>${titleArticle}</arg>
<arg>${teks2}</arg>
<doc>Verifies that element ``locator`` contains text ``expected``.</doc>
<msg timestamp="20220726 07:48:15.186" level="INFO">Element 'xpath://*[@class="container"]/h1' contains text 'lalala'.</msg>
<status status="PASS" starttime="20220726 07:48:15.169" endtime="20220726 07:48:15.187"/>
</kw>
<status status="PASS" starttime="20220726 07:48:12.819" endtime="20220726 07:48:15.188"/>
</kw>
<kw name="Sleep" library="BuiltIn">
<arg>3s</arg>
<doc>Pauses the test executed for the given time.</doc>
<msg timestamp="20220726 07:48:18.190" level="INFO">Slept 3 seconds</msg>
<status status="PASS" starttime="20220726 07:48:15.188" endtime="20220726 07:48:18.192"/>
</kw>
<kw name="Click delete button" library="editor">
<kw name="Click Element" library="SeleniumLibrary">
<arg>${deleteBtn}</arg>
<doc>Click the element identified by ``locator``.</doc>
<msg timestamp="20220726 07:48:18.196" level="INFO">Clicking element 'xpath://*[text()=" Delete Article"]'.</msg>
<status status="PASS" starttime="20220726 07:48:18.195" endtime="20220726 07:48:18.236"/>
</kw>
<status status="PASS" starttime="20220726 07:48:18.193" endtime="20220726 07:48:18.237"/>
</kw>
<kw name="Set Browser Implicit Wait" library="SeleniumLibrary">
<arg>5000</arg>
<doc>Sets the implicit wait value used by Selenium.</doc>
<status status="PASS" starttime="20220726 07:48:18.237" endtime="20220726 07:48:18.240"/>
</kw>
<kw name="Close All Browsers" library="SeleniumLibrary">
<doc>Closes all open browsers and resets the browser cache.</doc>
<status status="PASS" starttime="20220726 07:48:18.241" endtime="20220726 07:48:18.320"/>
</kw>
<status status="PASS" starttime="20220726 07:48:10.300" endtime="20220726 07:48:18.321"/>
</test>
<status status="PASS" starttime="20220726 07:47:32.170" endtime="20220726 07:48:18.325"/>
</suite>
<statistics>
<total>
<stat pass="5" fail="0" skip="0">All Tests</stat>
</total>
<tag>
</tag>
<suite>
<stat pass="5" fail="0" skip="0" id="s1" name="Testcase">Testcase</stat>
</suite>
</statistics>
<errors>
</errors>
</robot>
